<?xml version="1.0" encoding="UTF-8"?>
<!-- Generated by org.testng.reporters.JUnitReportReporter -->
<testsuite hostname="BA-000095818" failures="0" tests="7" name="cucumberOptions.TestNgTestRunner" time="0.542" errors="0" timestamp="2021-10-20T20:29:52 PDT" skipped="0">
  <testcase classname="cucumberOptions.TestNgTestRunner" name="runScenario" time="0.027"/>
  <system-out/>
  <testcase classname="cucumberOptions.TestNgTestRunner" name="runScenario" time="0.008"/>
  <system-out/>
  <testcase classname="cucumberOptions.TestNgTestRunner" name="runScenario" time="0.007"/>
  <system-out/>
  <testcase classname="cucumberOptions.TestNgTestRunner" name="runScenario" time="0.017"/>
  <system-out/>
  <testcase classname="cucumberOptions.TestNgTestRunner" name="runScenario" time="0.466"/>
  <system-out/>
  <testcase classname="cucumberOptions.TestNgTestRunner" name="runScenario" time="0.010"/>
  <system-out/>
  <testcase classname="cucumberOptions.TestNgTestRunner" name="runScenario" time="0.007"/>
  <system-out/>
</testsuite> <!-- cucumberOptions.TestNgTestRunner -->
