<?xml version="1.0" encoding="UTF-8"?>
<!-- Generated by org.testng.reporters.JUnitReportReporter -->
<testsuite hostname="BA-000095818" failures="0" tests="1" name="cucumberOptions.TestNgTestRunner" time="0.226" errors="0" timestamp="2021-09-19T03:04:12 PDT" skipped="0">
  <testcase classname="cucumberOptions.TestNgTestRunner" name="runScenario" time="0.226"/>
  <system-out/>
</testsuite> <!-- cucumberOptions.TestNgTestRunner -->
