<?xml version="1.0" encoding="UTF-8"?>
<!-- Generated by org.testng.reporters.JUnitReportReporter -->
<testsuite hostname="BA-000095818" failures="0" tests="1" name="com.cucumberpoint.CucumberTest.AppTest" time="0.006" errors="0" timestamp="2021-09-28T17:23:58 PDT" skipped="0">
  <testcase classname="com.cucumberpoint.CucumberTest.AppTest" name="shouldAnswerWithTrue" time="0.006"/>
  <system-out/>
</testsuite> <!-- com.cucumberpoint.CucumberTest.AppTest -->
